<?xml version="1.0" encoding="UTF-8" ?>
<testsuite errors="0" failures="0" hostname="MSI" name="roaming.src.roamingcollection.BarricadeTest" skipped="0" tests="6" time="0.167" timestamp="2024-04-05T07:54:06">
  <properties>
    <property name="ant.library.dir" value="C:\Users\hurgi\Downloads\apache-ant-1.10.14-bin\apache-ant-1.10.14\lib" />
    <property name="ant.file.type" value="file" />
    <property name="java.specification.version" value="21" />
    <property name="ant.project.name" value="roaming" />
    <property name="sun.cpu.isalist" value="amd64" />
    <property name="sun.jnu.encoding" value="Cp1252" />
    <property name="java.class.path" value="C:\Users\hurgi\Downloads\apache-ant-1.10.14-bin\apache-ant-1.10.14\lib\hamcrest-2.2.jar;C:\Users\hurgi\Documents\GitHub\SoftwareCraftsmanship\Assignment9\roaming\build;C:\Users\hurgi\Downloads\apache-ant-1.10.14-bin\apache-ant-1.10.14\lib\junit-4.13.jar;C:\Users\hurgi\Downloads\apache-ant-1.10.14-bin\apache-ant-1.10.14\lib\ant-launcher.jar;C:\Users\hurgi\Downloads\apache-ant-1.10.14-bin\apache-ant-1.10.14\lib\ant.jar;C:\Users\hurgi\Downloads\apache-ant-1.10.14-bin\apache-ant-1.10.14\lib\ant-junit.jar;C:\Users\hurgi\Downloads\apache-ant-1.10.14-bin\apache-ant-1.10.14\lib\ant-junit4.jar" />
    <property name="java.vm.vendor" value="Oracle Corporation" />
    <property name="sun.arch.data.model" value="64" />
    <property name="user.variant" value="" />
    <property name="java.vendor.url" value="https://java.oracle.com/" />
    <property name="java.vm.specification.version" value="21" />
    <property name="os.name" value="Windows 11" />
    <property name="sun.java.launcher" value="SUN_STANDARD" />
    <property name="user.country" value="US" />
    <property name="sun.boot.library.path" value="C:\Users\hurgi\Downloads\openjdk-21.0.1_windows-x64_bin\jdk-21.0.1\bin" />
    <property name="output.dir" value="output" />
    <property name="sun.java.command" value="org.apache.tools.ant.taskdefs.optional.junit.JUnitTestRunner roaming.src.roamingcollection.BarricadeTest skipNonTests=false filtertrace=false haltOnError=false haltOnFailure=false formatter=org.apache.tools.ant.taskdefs.optional.junit.OutErrSummaryJUnitResultFormatter showoutput=false outputtoformatters=true logfailedtests=true threadid=0 logtestlistenerevents=false formatter=org.apache.tools.ant.taskdefs.optional.junit.XMLJUnitResultFormatter,C:\Users\hurgi\Documents\GitHub\SoftwareCraftsmanship\Assignment9\roaming\report\junit\TEST-roaming.src.roamingcollection.BarricadeTest.xml crashfile=C:\Users\hurgi\Documents\GitHub\SoftwareCraftsmanship\Assignment9\roaming\junitvmwatcher13713319709225173760.properties propsfile=C:\Users\hurgi\Documents\GitHub\SoftwareCraftsmanship\Assignment9\roaming\junit8808522348206424915.properties" />
    <property name="jdk.debug" value="release" />
    <property name="sun.cpu.endian" value="little" />
    <property name="user.home" value="C:\Users\hurgi" />
    <property name="user.language" value="en" />
    <property name="java.specification.vendor" value="Oracle Corporation" />
    <property name="_jacoco.agentFile" value="C:\Users\hurgi\AppData\Local\Temp\jacocoagent15514554442646613609.jar" />
    <property name="java.version.date" value="2023-10-17" />
    <property name="java.home" value="C:\Users\hurgi\Downloads\openjdk-21.0.1_windows-x64_bin\jdk-21.0.1" />
    <property name="basedir" value="C:\Users\hurgi\Documents\GitHub\SoftwareCraftsmanship\Assignment9\roaming" />
    <property name="file.separator" value="\" />
    <property name="java.vm.compressedOopsMode" value="Zero based" />
    <property name="jacoco.file" value="report/jacoco/jacoco.exec" />
    <property name="line.separator" value="&#xd;&#xa;" />
    <property name="ant.java.version" value="21" />
    <property name="java.specification.name" value="Java Platform API Specification" />
    <property name="java.vm.specification.vendor" value="Oracle Corporation" />
    <property name="doc.dir" value="doc" />
    <property name="user.script" value="" />
    <property name="sun.management.compiler" value="HotSpot 64-Bit Tiered Compilers" />
    <property name="java.runtime.version" value="21.0.1+12-29" />
    <property name="user.name" value="hurgi" />
    <property name="ant.file" value="C:\Users\hurgi\Documents\GitHub\SoftwareCraftsmanship\Assignment9\roaming\build.xml" />
    <property name="stdout.encoding" value="Cp1252" />
    <property name="path.separator" value=";" />
    <property name="jacoco.dir" value="report/jacoco" />
    <property name="os.version" value="10.0" />
    <property name="java.runtime.name" value="OpenJDK Runtime Environment" />
    <property name="file.encoding" value="UTF-8" />
    <property name="ant.project.invoked-targets" value="report" />
    <property name="ant.file.roaming" value="C:\Users\hurgi\Documents\GitHub\SoftwareCraftsmanship\Assignment9\roaming\build.xml" />
    <property name="java.vm.name" value="OpenJDK 64-Bit Server VM" />
    <property name="report.dir" value="report" />
    <property name="junit.dir" value="report/junit" />
    <property name="build.dir" value="build" />
    <property name="ant.core.lib" value="C:\Users\hurgi\Downloads\apache-ant-1.10.14-bin\apache-ant-1.10.14\lib\ant.jar" />
    <property name="java.vendor.url.bug" value="https://bugreport.java.com/bugreport/" />
    <property name="java.io.tmpdir" value="C:\Users\hurgi\AppData\Local\Temp\" />
    <property name="ant.file.type.roaming" value="file" />
    <property name="java.version" value="21.0.1" />
    <property name="user.dir" value="C:\Users\hurgi\Documents\GitHub\SoftwareCraftsmanship\Assignment9\roaming" />
    <property name="os.arch" value="amd64" />
    <property name="java.vm.specification.name" value="Java Virtual Machine Specification" />
    <property name="output.file" value="output/output.txt" />
    <property name="ant.home" value="C:\Users\hurgi\Downloads\apache-ant-1.10.14-bin\apache-ant-1.10.14" />
    <property name="sun.os.patch.level" value="" />
    <property name="error.file" value="output/error.txt" />
    <property name="native.encoding" value="Cp1252" />
    <property name="ant.version" value="Apache Ant(TM) version 1.10.14 compiled on August 16 2023" />
    <property name="java.library.path" value="C:\Users\hurgi\Downloads\openjdk-21.0.1_windows-x64_bin\jdk-21.0.1\bin;C:\WINDOWS\Sun\Java\bin;C:\WINDOWS\system32;C:\WINDOWS;C:\Program Files (x86)\Razer\ChromaBroadcast\bin;C:\Program Files\Razer\ChromaBroadcast\bin;C:\Program Files (x86)\Razer Chroma SDK\bin;C:\Program Files\Razer Chroma SDK\bin;C:\Program Files\Common Files\Oracle\Java\javapath;C:\Program Files (x86)\Common Files\Oracle\Java\javapath;C:\WINDOWS\system32;C:\WINDOWS;C:\WINDOWS\System32\Wbem;C:\WINDOWS\System32\WindowsPowerShell\v1.0\;C:\WINDOWS\System32\OpenSSH\;C:\WINDOWS\system32\config\systemprofile\AppData\Local\Microsoft\WindowsApps;C:\Users\hurgi\AppData\Local\Microsoft\WindowsApps;C:\WINDOWS\system32;C:\WINDOWS;C:\WINDOWS\System32\Wbem;C:\WINDOWS\System32\WindowsPowerShell\v1.0\;C:\WINDOWS\System32\OpenSSH\;C:\Program Files\dotnet\;C:\Program Files\Git\cmd;C:\Program Files\nodejs\;C:\Users\hurgi\Downloads\openjdk-21.0.1_windows-x64_bin\jdk-21.0.1\bin;C:\Program Files (x86)\Razer\ChromaBroadcast\bin;C:\Program Files\Razer\ChromaBroadcast\bin;C:\Program Files (x86)\Razer Chroma SDK\bin;C:\Program Files\Razer Chroma SDK\bin;C:\Program Files\Common Files\Oracle\Java\javapath;C:\Program Files (x86)\Common Files\Oracle\Java\javapath;C:\WINDOWS\system32;C:\WINDOWS;C:\WINDOWS\System32\Wbem;C:\WINDOWS\System32\WindowsPowerShell\v1.0\;C:\WINDOWS\System32\OpenSSH\;C:\WINDOWS\system32\config\systemprofile\AppData\Local\Microsoft\WindowsApps;C:\Users\hurgi\AppData\Local\Microsoft\WindowsApps;C:\WINDOWS\system32;C:\WINDOWS;C:\WINDOWS\System32\Wbem;C:\WINDOWS\System32\WindowsPowerShell\v1.0\;C:\WINDOWS\System32\OpenSSH\;C:\Program Files\dotnet\;C:\Program Files\Git\cmd;C:\Program Files\nodejs\;C:\Users\hurgi\Downloads\openjdk-21.0.1_windows-x64_bin\jdk-21.0.1\bin;;C:\Users\hurgi\Downloads\apache-ant-1.10.14-bin\apache-ant-1.10.14;C:\Users\hurgi\Downloads\openjdk-21.0.1_windows-x64_bin\jdk-21.0.1;C:\Users\hurgi\Downloads\openjdk-21.0.1_windows-x64_bin\jdk-21.0.1\bin;C:\Users\hurgi\Downloads\apache-ant-1.10.14-bin\apache-ant-1.10.14\bin;C:\Users\hurgi\AppData\Local\Programs\Microsoft VS Code\bin;." />
    <property name="java.vendor" value="Oracle Corporation" />
    <property name="stderr.encoding" value="Cp1252" />
    <property name="java.vm.info" value="mixed mode, sharing" />
    <property name="java.vm.version" value="21.0.1+12-29" />
    <property name="sun.io.unicode.encoding" value="UnicodeLittle" />
    <property name="java.class.version" value="65.0" />
    <property name="src.dir" value="src" />
  </properties>
  <testcase classname="roaming.src.roamingcollection.BarricadeTest" name="testPutWithStateVar" time="0.058" />
  <testcase classname="roaming.src.roamingcollection.BarricadeTest" name="testCorrectStringRepresentation" time="0.024" />
  <testcase classname="roaming.src.roamingcollection.BarricadeTest" name="testCorrectSize" time="0.002" />
  <testcase classname="roaming.src.roamingcollection.BarricadeTest" name="testCorrectEntrySet" time="0.0" />
  <testcase classname="roaming.src.roamingcollection.BarricadeTest" name="testGetWithStateVar" time="0.002" />
  <testcase classname="roaming.src.roamingcollection.BarricadeTest" name="testCorrectKeySet" time="0.001" />
  <system-out><![CDATA[]]></system-out>
  <system-err><![CDATA[Apr 05, 2024 3:54:06 AM roaming.src.roamingcollection.Barricade correctStringRepresentation
WARNING: toString method of RoamingMap returned incorrect value; correct value was used instead
Apr 05, 2024 3:54:06 AM roaming.src.roamingcollection.Barricade correctSize
WARNING: size method of RoamingMap returned incorrect value; correct value was used instead
Apr 05, 2024 3:54:06 AM roaming.src.roamingcollection.Barricade getWithStateVar
WARNING: get method of RoamingMap returned incorrect value; correct value was used instead
]]></system-err>
</testsuite>
